2023-03-06 14:03:56.936 INFO  c.I.I.M.S.InstituteManagementSystemApplication - Starting InstituteManagementSystemApplication using Java 19.0.1 with PID 20316 (C:\Users\LAP-8\IdeaProjects\Institute Management System\Institute-Management-System\target\classes started by LAP-8 in C:\Users\LAP-8\IdeaProjects\Institute Management System\Institute-Management-System)
2023-03-06 14:03:56.938 INFO  c.I.I.M.S.InstituteManagementSystemApplication - No active profile set, falling back to 1 default profile: "default"
2023-03-06 14:03:58.109 INFO  o.s.b.w.e.tomcat.TomcatWebServer - Tomcat initialized with port(s): 8000 (http)
2023-03-06 14:03:58.120 INFO  o.a.coyote.http11.Http11NioProtocol - Initializing ProtocolHandler ["http-nio-8000"]
2023-03-06 14:03:58.121 INFO  o.a.catalina.core.StandardService - Starting service [Tomcat]
2023-03-06 14:03:58.121 INFO  o.a.catalina.core.StandardEngine - Starting Servlet engine: [Apache Tomcat/10.1.5]
2023-03-06 14:03:58.211 INFO  o.a.c.c.C.[Tomcat].[localhost].[/] - Initializing Spring embedded WebApplicationContext
2023-03-06 14:03:58.211 INFO  o.s.b.w.s.c.ServletWebServerApplicationContext - Root WebApplicationContext: initialization completed in 1225 ms
2023-03-06 14:03:59.050 INFO  o.a.coyote.http11.Http11NioProtocol - Starting ProtocolHandler ["http-nio-8000"]
2023-03-06 14:03:59.071 INFO  o.s.b.w.e.tomcat.TomcatWebServer - Tomcat started on port(s): 8000 (http) with context path ''
2023-03-06 14:03:59.082 INFO  c.I.I.M.S.InstituteManagementSystemApplication - Started InstituteManagementSystemApplication in 2.58 seconds (process running for 3.31)
2023-03-06 14:12:44.491 INFO  c.I.I.M.S.InstituteManagementSystemApplication - Starting InstituteManagementSystemApplication using Java 19.0.1 with PID 8704 (C:\Users\LAP-8\IdeaProjects\Institute Management System\Institute-Management-System\target\classes started by LAP-8 in C:\Users\LAP-8\IdeaProjects\Institute Management System\Institute-Management-System)
2023-03-06 14:12:44.494 INFO  c.I.I.M.S.InstituteManagementSystemApplication - No active profile set, falling back to 1 default profile: "default"
2023-03-06 14:12:45.857 INFO  o.s.b.w.e.tomcat.TomcatWebServer - Tomcat initialized with port(s): 8000 (http)
2023-03-06 14:12:45.866 INFO  o.a.coyote.http11.Http11NioProtocol - Initializing ProtocolHandler ["http-nio-8000"]
2023-03-06 14:12:45.867 INFO  o.a.catalina.core.StandardService - Starting service [Tomcat]
2023-03-06 14:12:45.867 INFO  o.a.catalina.core.StandardEngine - Starting Servlet engine: [Apache Tomcat/10.1.5]
2023-03-06 14:12:45.962 INFO  o.a.c.c.C.[Tomcat].[localhost].[/] - Initializing Spring embedded WebApplicationContext
2023-03-06 14:12:45.962 INFO  o.s.b.w.s.c.ServletWebServerApplicationContext - Root WebApplicationContext: initialization completed in 1399 ms
2023-03-06 14:12:46.803 INFO  o.a.coyote.http11.Http11NioProtocol - Starting ProtocolHandler ["http-nio-8000"]
2023-03-06 14:12:46.823 INFO  o.s.b.w.e.tomcat.TomcatWebServer - Tomcat started on port(s): 8000 (http) with context path ''
2023-03-06 14:12:46.833 INFO  c.I.I.M.S.InstituteManagementSystemApplication - Started InstituteManagementSystemApplication in 2.779 seconds (process running for 3.494)
2023-03-06 14:13:14.270 INFO  o.a.c.c.C.[Tomcat].[localhost].[/] - Initializing Spring DispatcherServlet 'dispatcherServlet'
2023-03-06 14:13:14.271 INFO  o.s.web.servlet.DispatcherServlet - Initializing Servlet 'dispatcherServlet'
2023-03-06 14:13:14.274 INFO  o.s.web.servlet.DispatcherServlet - Completed initialization in 3 ms
2023-03-06 14:13:14.342 INFO  c.I.I.M.S.Service.StudentService - Getting all student
2023-03-06 14:13:43.815 INFO  c.I.I.M.S.Service.StudentService - Created student with id: 1
2023-03-06 14:14:07.837 INFO  c.I.I.M.S.Service.StudentService - Created student with id: 2
2023-03-06 14:14:32.189 INFO  c.I.I.M.S.Service.StudentService - Getting all student
2023-03-06 14:16:51.508 INFO  c.I.I.M.S.InstituteManagementSystemApplication - Starting InstituteManagementSystemApplication using Java 19.0.1 with PID 9180 (C:\Users\LAP-8\IdeaProjects\Institute Management System\Institute-Management-System\target\classes started by LAP-8 in C:\Users\LAP-8\IdeaProjects\Institute Management System\Institute-Management-System)
2023-03-06 14:16:51.511 INFO  c.I.I.M.S.InstituteManagementSystemApplication - No active profile set, falling back to 1 default profile: "default"
2023-03-06 14:16:52.773 INFO  o.s.b.w.e.tomcat.TomcatWebServer - Tomcat initialized with port(s): 8000 (http)
2023-03-06 14:16:52.781 INFO  o.a.coyote.http11.Http11NioProtocol - Initializing ProtocolHandler ["http-nio-8000"]
2023-03-06 14:16:52.781 INFO  o.a.catalina.core.StandardService - Starting service [Tomcat]
2023-03-06 14:16:52.781 INFO  o.a.catalina.core.StandardEngine - Starting Servlet engine: [Apache Tomcat/10.1.5]
2023-03-06 14:16:52.882 INFO  o.a.c.c.C.[Tomcat].[localhost].[/] - Initializing Spring embedded WebApplicationContext
2023-03-06 14:16:52.883 INFO  o.s.b.w.s.c.ServletWebServerApplicationContext - Root WebApplicationContext: initialization completed in 1310 ms
2023-03-06 14:16:53.829 INFO  o.a.coyote.http11.Http11NioProtocol - Starting ProtocolHandler ["http-nio-8000"]
2023-03-06 14:16:53.862 INFO  o.s.b.w.e.tomcat.TomcatWebServer - Tomcat started on port(s): 8000 (http) with context path ''
2023-03-06 14:16:53.882 INFO  c.I.I.M.S.InstituteManagementSystemApplication - Started InstituteManagementSystemApplication in 2.822 seconds (process running for 3.551)
2023-03-06 14:17:03.571 INFO  o.a.c.c.C.[Tomcat].[localhost].[/] - Initializing Spring DispatcherServlet 'dispatcherServlet'
2023-03-06 14:17:03.572 INFO  o.s.web.servlet.DispatcherServlet - Initializing Servlet 'dispatcherServlet'
2023-03-06 14:17:03.575 INFO  o.s.web.servlet.DispatcherServlet - Completed initialization in 1 ms
2023-03-06 14:17:03.776 INFO  c.I.I.M.S.Service.StudentService - Created student with id: 1
2023-03-06 14:17:09.005 INFO  c.I.I.M.S.Service.StudentService - Created student with id: 2
2023-03-06 14:17:13.640 INFO  c.I.I.M.S.Service.StudentService - Created student with id: 3
2023-03-06 14:17:17.420 INFO  c.I.I.M.S.Service.StudentService - student with id: 2 found
